[0m01:26:08.854007 [debug] [MainThread]: Sending event: {'category': 'dbt', 'action': 'invocation', 'label': 'start', 'context': [<snowplow_tracker.self_describing_json.SelfDescribingJson object at 0x7fa5992a8980>, <snowplow_tracker.self_describing_json.SelfDescribingJson object at 0x7fa59841bd90>, <snowplow_tracker.self_describing_json.SelfDescribingJson object at 0x7fa59841b9d0>]}


============================== 01:26:08.857032 | e5de5fc7-080c-4e3c-a366-201549c9b868 ==============================
[0m01:26:08.857032 [info ] [MainThread]: Running with dbt=1.11.8
[0m01:26:08.857599 [debug] [MainThread]: running dbt with arguments {'log_cache_events': 'False', 'warn_error': 'None', 'indirect_selection': 'eager', 'static_parser': 'True', 'invocation_command': 'dbt init energy_platform', 'cache_selected_only': 'False', 'quiet': 'False', 'debug': 'False', 'empty': 'None', 'version_check': 'True', 'send_anonymous_usage_stats': 'True', 'no_print': 'None', 'warn_error_options': 'WarnErrorOptionsV2(error=[], warn=[], silence=[])', 'printer_width': '80', 'log_path': 'logs', 'log_format': 'default', 'write_json': 'True', 'use_colors': 'True', 'profiles_dir': '/home/sami/.dbt', 'target_path': 'None', 'introspect': 'True', 'partial_parse': 'True', 'fail_fast': 'False', 'use_experimental_parser': 'False'}
[0m01:26:08.866168 [info ] [MainThread]: Creating dbt configuration folder at /home/sami/.dbt
[0m01:26:08.867292 [debug] [MainThread]: Starter project path: /home/sami/Desktop/energy/.venv/lib/python3.13/site-packages/dbt/include/starter_project
[0m01:26:08.869725 [info ] [MainThread]: 
Your new dbt project "energy_platform" was created!

For more information on how to configure the profiles.yml file,
please consult the dbt documentation here:

  https://docs.getdbt.com/docs/configure-your-profile

One more thing:

Need help? Don't hesitate to reach out to us via GitHub issues or on Slack:

  https://community.getdbt.com/

Happy modeling!

[0m01:26:08.870185 [info ] [MainThread]: Setting up your profile.
[0m01:26:25.621246 [info ] [MainThread]: Profile energy_platform written to /home/sami/.dbt/profiles.yml using target's sample configuration. Once updated, you'll be able to start developing with dbt.
[0m01:26:25.622283 [debug] [MainThread]: Resource report: {"command_name": "init", "command_success": true, "command_wall_clock_time": 16.825678, "process_in_blocks": "12592", "process_kernel_time": 0.116534, "process_mem_max_rss": "139980", "process_out_blocks": "80", "process_user_time": 1.430566}
[0m01:26:25.622939 [debug] [MainThread]: Command `dbt init` succeeded at 01:26:25.622805 after 16.83 seconds
[0m01:26:25.623336 [debug] [MainThread]: Sending event: {'category': 'dbt', 'action': 'invocation', 'label': 'end', 'context': [<snowplow_tracker.self_describing_json.SelfDescribingJson object at 0x7fa598253950>, <snowplow_tracker.self_describing_json.SelfDescribingJson object at 0x7fa598323ad0>, <snowplow_tracker.self_describing_json.SelfDescribingJson object at 0x7fa5982a3790>]}
[0m01:26:25.623771 [debug] [MainThread]: Flushing usage events
[0m01:26:26.031446 [debug] [MainThread]: An error was encountered while trying to flush usage events
[0m01:29:18.558845 [debug] [MainThread]: Sending event: {'category': 'dbt', 'action': 'invocation', 'label': 'start', 'context': [<snowplow_tracker.self_describing_json.SelfDescribingJson object at 0x7f59f8094980>, <snowplow_tracker.self_describing_json.SelfDescribingJson object at 0x7f59f7203d90>, <snowplow_tracker.self_describing_json.SelfDescribingJson object at 0x7f59f72039d0>]}


============================== 01:29:18.562177 | 40f0419c-083d-4c55-b428-bf064f5ce4e7 ==============================
[0m01:29:18.562177 [info ] [MainThread]: Running with dbt=1.11.8
[0m01:29:18.562755 [debug] [MainThread]: running dbt with arguments {'use_colors': 'True', 'fail_fast': 'False', 'static_parser': 'True', 'indirect_selection': 'eager', 'introspect': 'True', 'cache_selected_only': 'False', 'send_anonymous_usage_stats': 'True', 'invocation_command': 'dbt debug', 'target_path': 'None', 'log_path': 'logs', 'quiet': 'False', 'version_check': 'True', 'use_experimental_parser': 'False', 'warn_error': 'None', 'empty': 'None', 'log_cache_events': 'False', 'log_format': 'default', 'profiles_dir': '/home/sami/.dbt', 'no_print': 'None', 'write_json': 'True', 'printer_width': '80', 'partial_parse': 'True', 'warn_error_options': 'WarnErrorOptionsV2(error=[], warn=[], silence=[])', 'debug': 'False'}
[0m01:29:18.572607 [info ] [MainThread]: dbt version: 1.11.8
[0m01:29:18.573014 [info ] [MainThread]: python version: 3.13.5
[0m01:29:18.573332 [info ] [MainThread]: python path: /home/sami/Desktop/energy/.venv/bin/python3
[0m01:29:18.573617 [info ] [MainThread]: os info: Linux-6.12.74+deb13+1-amd64-x86_64-with-glibc2.41
[0m01:29:18.682707 [info ] [MainThread]: Using profiles dir at /home/sami/.dbt
[0m01:29:18.683146 [info ] [MainThread]: Using profiles.yml file at /home/sami/.dbt/profiles.yml
[0m01:29:18.683503 [info ] [MainThread]: Using dbt_project.yml file at /home/sami/Desktop/energy/src/dbt/dbt_project.yml
[0m01:29:18.685405 [info ] [MainThread]: adapter type: duckdb
[0m01:29:18.685849 [info ] [MainThread]: adapter version: 1.10.1
[0m01:29:18.686201 [info ] [MainThread]: Configuration:
[0m01:29:18.686490 [info ] [MainThread]:   profiles.yml file [[32mOK found and valid[0m]
[0m01:29:18.686785 [info ] [MainThread]:   dbt_project.yml file [[31mERROR not found[0m]
[0m01:29:18.687208 [info ] [MainThread]: Required dependencies:
[0m01:29:18.687887 [debug] [MainThread]: Executing "git --help"
[0m01:29:18.690387 [debug] [MainThread]: STDOUT: "b"usage: git [-v | --version] [-h | --help] [-C <path>] [-c <name>=<value>]\n           [--exec-path[=<path>]] [--html-path] [--man-path] [--info-path]\n           [-p | --paginate | -P | --no-pager] [--no-replace-objects] [--no-lazy-fetch]\n           [--no-optional-locks] [--no-advice] [--bare] [--git-dir=<path>]\n           [--work-tree=<path>] [--namespace=<name>] [--config-env=<name>=<envvar>]\n           <command> [<args>]\n\nThese are common Git commands used in various situations:\n\nstart a working area (see also: git help tutorial)\n   clone     Clone a repository into a new directory\n   init      Create an empty Git repository or reinitialize an existing one\n\nwork on the current change (see also: git help everyday)\n   add       Add file contents to the index\n   mv        Move or rename a file, a directory, or a symlink\n   restore   Restore working tree files\n   rm        Remove files from the working tree and from the index\n\nexamine the history and state (see also: git help revisions)\n   bisect    Use binary search to find the commit that introduced a bug\n   diff      Show changes between commits, commit and working tree, etc\n   grep      Print lines matching a pattern\n   log       Show commit logs\n   show      Show various types of objects\n   status    Show the working tree status\n\ngrow, mark and tweak your common history\n   branch    List, create, or delete branches\n   commit    Record changes to the repository\n   merge     Join two or more development histories together\n   rebase    Reapply commits on top of another base tip\n   reset     Reset current HEAD to the specified state\n   switch    Switch branches\n   tag       Create, list, delete or verify a tag object signed with GPG\n\ncollaborate (see also: git help workflows)\n   fetch     Download objects and refs from another repository\n   pull      Fetch from and integrate with another repository or a local branch\n   push      Update remote refs along with associated objects\n\n'git help -a' and 'git help -g' list available subcommands and some\nconcept guides. See 'git help <command>' or 'git help <concept>'\nto read about a specific subcommand or concept.\nSee 'git help git' for an overview of the system.\n""
[0m01:29:18.690905 [debug] [MainThread]: STDERR: "b''"
[0m01:29:18.691198 [info ] [MainThread]:  - git [[32mOK found[0m]

[0m01:29:18.691499 [info ] [MainThread]: Connection:
[0m01:29:18.691794 [info ] [MainThread]:   database: gold
[0m01:29:18.692074 [info ] [MainThread]:   schema: main
[0m01:29:18.692361 [info ] [MainThread]:   path: /home/sami/Desktop/energy/data/gold.duckdb
[0m01:29:18.692638 [info ] [MainThread]:   config_options: None
[0m01:29:18.692912 [info ] [MainThread]:   extensions: None
[0m01:29:18.693209 [info ] [MainThread]:   settings: {}
[0m01:29:18.693487 [info ] [MainThread]:   external_root: .
[0m01:29:18.693761 [info ] [MainThread]:   use_credential_provider: None
[0m01:29:18.694037 [info ] [MainThread]:   attach: None
[0m01:29:18.694309 [info ] [MainThread]:   filesystems: None
[0m01:29:18.694580 [info ] [MainThread]:   remote: None
[0m01:29:18.694855 [info ] [MainThread]:   plugins: None
[0m01:29:18.695128 [info ] [MainThread]:   disable_transactions: False
[0m01:29:18.695527 [info ] [MainThread]: Registered adapter: duckdb=1.10.1
[0m01:29:18.743623 [debug] [MainThread]: Acquiring new duckdb connection 'debug'
[0m01:29:18.764249 [debug] [MainThread]: Using duckdb connection "debug"
[0m01:29:18.764641 [debug] [MainThread]: On debug: select 1 as id
[0m01:29:18.764965 [debug] [MainThread]: Opening a new connection, currently in state init
[0m01:29:18.770571 [debug] [MainThread]: DuckDB adapter: duckdb error: IO Error: Cannot open file "/home/sami/Desktop/energy/data/gold.duckdb": No such file or directory
[0m01:29:18.770957 [debug] [MainThread]: DuckDB adapter: Error running SQL: select 1 as id
[0m01:29:18.771265 [debug] [MainThread]: DuckDB adapter: Rolling back transaction.
[0m01:29:18.771547 [debug] [MainThread]: Opening a new connection, currently in state init
[0m01:29:18.776156 [info ] [MainThread]:   Connection test: [[31mERROR[0m]

[0m01:29:18.776648 [info ] [MainThread]: [31m2 checks failed:[0m
[0m01:29:18.776961 [info ] [MainThread]: Project loading failed for the following reason:
 project path </home/sami/Desktop/energy/src/dbt/dbt_project.yml> not found

[0m01:29:18.777361 [info ] [MainThread]: dbt was unable to connect to the specified database.
The database returned the following error:

  >IO Error: Cannot open file "/home/sami/Desktop/energy/data/gold.duckdb": No such file or directory

Check your database credentials and try again. For more information, visit:
https://docs.getdbt.com/docs/configure-your-profile


[0m01:29:18.778786 [debug] [MainThread]: Resource report: {"command_name": "debug", "command_success": false, "command_wall_clock_time": 0.27827156, "process_in_blocks": "376", "process_kernel_time": 0.124429, "process_mem_max_rss": "149528", "process_out_blocks": "32", "process_user_time": 1.569412}
[0m01:29:18.779460 [debug] [MainThread]: Command `dbt debug` failed at 01:29:18.779330 after 0.28 seconds
[0m01:29:18.779914 [debug] [MainThread]: Connection 'debug' was properly closed.
[0m01:29:18.780328 [debug] [MainThread]: Sending event: {'category': 'dbt', 'action': 'invocation', 'label': 'end', 'context': [<snowplow_tracker.self_describing_json.SelfDescribingJson object at 0x7f59f2b97950>, <snowplow_tracker.self_describing_json.SelfDescribingJson object at 0x7f59ef215c70>, <snowplow_tracker.self_describing_json.SelfDescribingJson object at 0x7f59ef261590>]}
[0m01:29:18.780707 [debug] [MainThread]: Flushing usage events
[0m01:29:19.192486 [debug] [MainThread]: An error was encountered while trying to flush usage events
